<?xml version="1.0" encoding="UTF-8"?>
<!-- Generated by org.testng.reporters.JUnitReportReporter -->
<testsuite hostname="LAPTOP-0EPF3S2V" failures="0" tests="1" name="com.qa.base.BaseTest" time="18.011" errors="0" timestamp="2021-12-15T19:54:12 IST" skipped="0">
  <testcase classname="com.qa.base.BaseTest" name="setup" time="18.011"/>
  <system-out/>
</testsuite> <!-- com.qa.base.BaseTest -->
